<?xml version="1.0" encoding="UTF-8"?>
<robot generator="Robot 5.0.1 (Python 3.10.4 on win32)" generated="20220810 02:21:56.101" rpa="false" schemaversion="3">
<suite id="s1" name="Comprar Produto" source="E:\dev\pyCharm\FTS134_robot_framework\tests\mobile\comprar_produto.robot">
<test id="s1-t1" name="Comprar camiseta preta com estampa de raio" line="18">
<kw name="Abrir o app" library="base_app" type="SETUP">
<kw name="Logar &quot;\nIniciando testes&quot;" library="base_app" sourcename="Logar &quot;${mensagem}&quot;">
<kw name="Log To Console" library="BuiltIn">
<arg>${mensagem}</arg>
<doc>Logs the given message to the console.</doc>
<status status="PASS" starttime="20220810 02:21:56.389" endtime="20220810 02:21:56.390"/>
</kw>
<status status="PASS" starttime="20220810 02:21:56.389" endtime="20220810 02:21:56.390"/>
</kw>
<kw name="Open Application" library="AppiumLibrary">
<arg>${REMOTE_URL}</arg>
<arg>platformName=${platformName}</arg>
<arg>appium:automationName=${appium:automationName}</arg>
<arg>appium:deviceName=${appium:deviceName}</arg>
<arg>appium:appPackage=${appium:appPackage}</arg>
<arg>appium:appActivity=${appium:appActivity}</arg>
<arg>appium:avd=${appium:avd}</arg>
<arg>appium:deviceOrientation=${appium:deviceOrientation}</arg>
<arg>appium:ensureWebviewsHavePages=${appium:ensureWebviewsHavePages}</arg>
<arg>appium:nativeWebScreenshot=${appium:nativeWebScreenshot}</arg>
<arg>appium:newCommandTimeout=${appium:newCommandTimeout}</arg>
<arg>appium:connectHardwareKeyboard=${appium:connectHardwareKeyboard}</arg>
<doc>Opens a new application to given Appium server.
Capabilities of appium server, Android and iOS,
Please check https://github.com/appium/appium/blob/master/docs/en/writing-running-appium/server-args.md
| *Option*            | *Man.* | *Description*     |
| remote_url          | Yes    | Appium server url |
| alias               | no     | alias             |</doc>
<status status="PASS" starttime="20220810 02:21:56.390" endtime="20220810 02:22:09.985"/>
</kw>
<status status="PASS" starttime="20220810 02:21:56.389" endtime="20220810 02:22:09.985"/>
</kw>
<kw name="Selecionar o produto &quot;${nome_produto}&quot;" library="catalog" sourcename="Selecionar o produto &quot;${nome_produto}&quot;">
<kw name="Wait Until Page Contains Element" library="AppiumLibrary">
<arg>accessibility_id=${nome_produto}</arg>
<doc>Waits until element specified with `locator` appears on current page.</doc>
<status status="PASS" starttime="20220810 02:22:09.992" endtime="20220810 02:22:11.979"/>
</kw>
<kw name="Click Element" library="AppiumLibrary">
<arg>accessibility_id=${nome_produto}</arg>
<doc>Click element identified by `locator`.</doc>
<msg timestamp="20220810 02:22:11.983" level="INFO">Clicking element 'accessibility_id=Sauce Lab Bolt T-Shirt'.</msg>
<status status="PASS" starttime="20220810 02:22:11.979" endtime="20220810 02:22:12.160"/>
</kw>
<kw name="Log To Console" library="BuiltIn">
<arg>Produto selecionado, acessando detalhe...</arg>
<doc>Logs the given message to the console.</doc>
<status status="PASS" starttime="20220810 02:22:12.160" endtime="20220810 02:22:12.163"/>
</kw>
<status status="PASS" starttime="20220810 02:22:09.991" endtime="20220810 02:22:12.163"/>
</kw>
<kw name="Validar dados do produto" library="product">
<arg>${nome_produto}</arg>
<arg>${preco_unitario}</arg>
<arg>${quant_inicio}</arg>
<kw name="Log To Console" library="BuiltIn">
<arg>Validando dados do produto ${nome_produto} ${preco_produto} ${quant_produto}</arg>
<doc>Logs the given message to the console.</doc>
<status status="PASS" starttime="20220810 02:22:12.166" endtime="20220810 02:22:12.167"/>
</kw>
<kw name="Wait Until Page Contains Element" library="AppiumLibrary">
<arg>id=com.saucelabs.mydemoapp.android:id/productTV</arg>
<doc>Waits until element specified with `locator` appears on current page.</doc>
<status status="PASS" starttime="20220810 02:22:12.167" endtime="20220810 02:22:12.740"/>
</kw>
<kw name="Element Should Contain Text" library="AppiumLibrary">
<arg>id=com.saucelabs.mydemoapp.android:id/productTV</arg>
<arg>${nome_produto}</arg>
<doc>Verifies element identified by ``locator`` contains text ``expected``.</doc>
<msg timestamp="20220810 02:22:12.745" level="INFO">Verifying element 'id=com.saucelabs.mydemoapp.android:id/productTV' contains text 'Sauce Lab Bolt T-Shirt'.</msg>
<status status="PASS" starttime="20220810 02:22:12.741" endtime="20220810 02:22:13.404"/>
</kw>
<kw name="Swipe" library="AppiumLibrary">
<arg>200</arg>
<arg>1150</arg>
<arg>200</arg>
<arg>450</arg>
<doc>Swipe from one point to another point, for an optional duration.</doc>
<status status="PASS" starttime="20220810 02:22:13.405" endtime="20220810 02:22:14.909"/>
</kw>
<kw name="Log To Console" library="BuiltIn">
<arg>Scrollar e validar quantidade...</arg>
<doc>Logs the given message to the console.</doc>
<status status="PASS" starttime="20220810 02:22:14.910" endtime="20220810 02:22:14.911"/>
</kw>
<kw name="Wait Until Page Contains Element" library="AppiumLibrary">
<arg>id=com.saucelabs.mydemoapp.android:id/noTV</arg>
<doc>Waits until element specified with `locator` appears on current page.</doc>
<status status="PASS" starttime="20220810 02:22:14.912" endtime="20220810 02:22:15.048"/>
</kw>
<kw name="Element Should Contain Text" library="AppiumLibrary">
<arg>id=com.saucelabs.mydemoapp.android:id/noTV</arg>
<arg>${quant_produto}</arg>
<doc>Verifies element identified by ``locator`` contains text ``expected``.</doc>
<msg timestamp="20220810 02:22:15.053" level="INFO">Verifying element 'id=com.saucelabs.mydemoapp.android:id/noTV' contains text '1'.</msg>
<status status="PASS" starttime="20220810 02:22:15.049" endtime="20220810 02:22:15.146"/>
</kw>
<kw name="Element Should Contain Text" library="AppiumLibrary">
<arg>id=com.saucelabs.mydemoapp.android:id/priceTV</arg>
<arg>${preco_produto}</arg>
<doc>Verifies element identified by ``locator`` contains text ``expected``.</doc>
<msg timestamp="20220810 02:22:15.151" level="INFO">Verifying element 'id=com.saucelabs.mydemoapp.android:id/priceTV' contains text '$ 15.99'.</msg>
<status status="PASS" starttime="20220810 02:22:15.147" endtime="20220810 02:22:15.215"/>
</kw>
<status status="PASS" starttime="20220810 02:22:12.164" endtime="20220810 02:22:15.216"/>
</kw>
<kw name="Aumentar a quantidade do produto pra 2" library="product">
<kw name="Log To Console" library="BuiltIn">
<arg>Aumentando a quantidade de camisetas pra 2 (10)</arg>
<doc>Logs the given message to the console.</doc>
<status status="PASS" starttime="20220810 02:22:15.217" endtime="20220810 02:22:15.217"/>
</kw>
<kw name="Click Element" library="AppiumLibrary">
<arg>accessibility_id=Increase item quantity</arg>
<doc>Click element identified by `locator`.</doc>
<msg timestamp="20220810 02:22:15.221" level="INFO">Clicking element 'accessibility_id=Increase item quantity'.</msg>
<status status="PASS" starttime="20220810 02:22:15.218" endtime="20220810 02:22:15.327"/>
</kw>
<status status="PASS" starttime="20220810 02:22:15.217" endtime="20220810 02:22:15.327"/>
</kw>
<kw name="Adicionar o produto no carrinho" library="product">
<kw name="Log To Console" library="BuiltIn">
<arg>Adicionando produto ao carrinho...</arg>
<doc>Logs the given message to the console.</doc>
<status status="PASS" starttime="20220810 02:22:15.329" endtime="20220810 02:22:15.329"/>
</kw>
<kw name="Wait Until Page Contains Element" library="AppiumLibrary">
<arg>accessibility_id=Tap to add product to cart</arg>
<doc>Waits until element specified with `locator` appears on current page.</doc>
<status status="PASS" starttime="20220810 02:22:15.330" endtime="20220810 02:22:15.928"/>
</kw>
<kw name="Click Element" library="AppiumLibrary">
<arg>accessibility_id=Tap to add product to cart</arg>
<doc>Click element identified by `locator`.</doc>
<msg timestamp="20220810 02:22:15.934" level="INFO">Clicking element 'accessibility_id=Tap to add product to cart'.</msg>
<status status="PASS" starttime="20220810 02:22:15.929" endtime="20220810 02:22:16.049"/>
</kw>
<status status="PASS" starttime="20220810 02:22:15.328" endtime="20220810 02:22:16.049"/>
</kw>
<kw name="Ir para carrinho de compras" library="cart">
<kw name="Wait Until Element Is Visible" library="AppiumLibrary">
<arg>xpath=//android.widget.RelativeLayout[@content-desc="Displays number of items in your cart"]/android.widget.ImageView</arg>
<doc>Waits until element specified with `locator` is visible.</doc>
<status status="PASS" starttime="20220810 02:22:16.051" endtime="20220810 02:22:17.400"/>
</kw>
<kw name="Click Element" library="AppiumLibrary">
<arg>xpath=//android.widget.RelativeLayout[@content-desc="Displays number of items in your cart"]/android.widget.ImageView</arg>
<doc>Click element identified by `locator`.</doc>
<msg timestamp="20220810 02:22:17.405" level="INFO">Clicking element 'xpath=//android.widget.RelativeLayout[@content-desc="Displays number of items in your cart"]/android.widget.ImageView'.</msg>
<status status="PASS" starttime="20220810 02:22:17.400" endtime="20220810 02:22:17.615"/>
</kw>
<kw name="Wait Until Element Is Visible" library="AppiumLibrary">
<arg>id=com.saucelabs.mydemoapp.android:id/productTV</arg>
<doc>Waits until element specified with `locator` is visible.</doc>
<status status="PASS" starttime="20220810 02:22:17.616" endtime="20220810 02:22:18.749"/>
</kw>
<kw name="Log To Console" library="BuiltIn">
<arg>Acessando carrinho de compras...</arg>
<doc>Logs the given message to the console.</doc>
<status status="PASS" starttime="20220810 02:22:18.750" endtime="20220810 02:22:18.750"/>
</kw>
<status status="PASS" starttime="20220810 02:22:16.050" endtime="20220810 02:22:18.750"/>
</kw>
<kw name="Validar informacoes do produto no carrinho" library="cart">
<arg>${nome_produto}</arg>
<arg>${preco_unitario}</arg>
<arg>${quantidade}</arg>
<arg>${qtd_itens}</arg>
<arg>${preco_total}</arg>
<kw name="Element Should Contain Text" library="AppiumLibrary">
<arg>id=com.saucelabs.mydemoapp.android:id/productTV</arg>
<arg>My Cart</arg>
<doc>Verifies element identified by ``locator`` contains text ``expected``.</doc>
<msg timestamp="20220810 02:22:18.754" level="INFO">Verifying element 'id=com.saucelabs.mydemoapp.android:id/productTV' contains text 'My Cart'.</msg>
<status status="PASS" starttime="20220810 02:22:18.752" endtime="20220810 02:22:18.820"/>
</kw>
<kw name="Element Should Contain Text" library="AppiumLibrary">
<arg>id=com.saucelabs.mydemoapp.android:id/titleTV</arg>
<arg>${nome_produto}</arg>
<doc>Verifies element identified by ``locator`` contains text ``expected``.</doc>
<msg timestamp="20220810 02:22:18.823" level="INFO">Verifying element 'id=com.saucelabs.mydemoapp.android:id/titleTV' contains text 'Sauce Lab Bolt T-Shirt'.</msg>
<status status="PASS" starttime="20220810 02:22:18.820" endtime="20220810 02:22:18.887"/>
</kw>
<kw name="Element Should Contain Text" library="AppiumLibrary">
<arg>id=com.saucelabs.mydemoapp.android:id/priceTV</arg>
<arg>${preco_unitario}</arg>
<doc>Verifies element identified by ``locator`` contains text ``expected``.</doc>
<msg timestamp="20220810 02:22:18.891" level="INFO">Verifying element 'id=com.saucelabs.mydemoapp.android:id/priceTV' contains text '$ 15.99'.</msg>
<status status="PASS" starttime="20220810 02:22:18.887" endtime="20220810 02:22:18.958"/>
</kw>
<kw name="Element Should Contain Text" library="AppiumLibrary">
<arg>id=com.saucelabs.mydemoapp.android:id/noTV</arg>
<arg>${quantidade}</arg>
<doc>Verifies element identified by ``locator`` contains text ``expected``.</doc>
<msg timestamp="20220810 02:22:18.962" level="INFO">Verifying element 'id=com.saucelabs.mydemoapp.android:id/noTV' contains text '10'.</msg>
<status status="PASS" starttime="20220810 02:22:18.958" endtime="20220810 02:22:19.033"/>
</kw>
<kw name="Element Should Contain Text" library="AppiumLibrary">
<arg>id=com.saucelabs.mydemoapp.android:id/itemsTV</arg>
<arg>${qtd_itens}</arg>
<doc>Verifies element identified by ``locator`` contains text ``expected``.</doc>
<msg timestamp="20220810 02:22:19.039" level="INFO">Verifying element 'id=com.saucelabs.mydemoapp.android:id/itemsTV' contains text '10 Items'.</msg>
<status status="PASS" starttime="20220810 02:22:19.033" endtime="20220810 02:22:19.105"/>
</kw>
<kw name="Element Should Contain Text" library="AppiumLibrary">
<arg>id=com.saucelabs.mydemoapp.android:id/totalPriceTV</arg>
<arg>${preco_total}</arg>
<doc>Verifies element identified by ``locator`` contains text ``expected``.</doc>
<msg timestamp="20220810 02:22:19.110" level="INFO">Verifying element 'id=com.saucelabs.mydemoapp.android:id/totalPriceTV' contains text '$ 159.90'.</msg>
<status status="PASS" starttime="20220810 02:22:19.105" endtime="20220810 02:22:19.180"/>
</kw>
<kw name="Log To Console" library="BuiltIn">
<arg>Validando informacoes de ${nome_produto}\n${preco_unitario}\n${quantidade}\n${qtd_itens}\n${preco_total}</arg>
<doc>Logs the given message to the console.</doc>
<status status="PASS" starttime="20220810 02:22:19.180" endtime="20220810 02:22:19.181"/>
</kw>
<status status="PASS" starttime="20220810 02:22:18.751" endtime="20220810 02:22:19.182"/>
</kw>
<kw name="Fechar o app" library="base_app" type="TEARDOWN">
<kw name="Logar &quot;Encerrando aplicacao&quot;" library="base_app" sourcename="Logar &quot;${mensagem}&quot;">
<kw name="Log To Console" library="BuiltIn">
<arg>${mensagem}</arg>
<doc>Logs the given message to the console.</doc>
<status status="PASS" starttime="20220810 02:22:19.183" endtime="20220810 02:22:19.184"/>
</kw>
<status status="PASS" starttime="20220810 02:22:19.183" endtime="20220810 02:22:19.184"/>
</kw>
<kw name="Quit Application" library="AppiumLibrary">
<doc>Quit application. Application can be quit while Appium session is kept alive.
This keyword can be used to close application during test case or between test cases.</doc>
<status status="PASS" starttime="20220810 02:22:19.184" endtime="20220810 02:22:19.548"/>
</kw>
<kw name="Close Application" library="AppiumLibrary">
<doc>Closes the current application and also close webdriver session.</doc>
<status status="PASS" starttime="20220810 02:22:19.548" endtime="20220810 02:22:20.601"/>
</kw>
<status status="PASS" starttime="20220810 02:22:19.182" endtime="20220810 02:22:20.602"/>
</kw>
<status status="PASS" starttime="20220810 02:21:56.388" endtime="20220810 02:22:20.602"/>
</test>
<doc>Fluxo compra da camiseta</doc>
<status status="PASS" starttime="20220810 02:21:56.104" endtime="20220810 02:22:20.604"/>
</suite>
<statistics>
<total>
<stat pass="1" fail="0" skip="0">All Tests</stat>
</total>
<tag>
</tag>
<suite>
<stat pass="1" fail="0" skip="0" id="s1" name="Comprar Produto">Comprar Produto</stat>
</suite>
</statistics>
<errors>
</errors>
</robot>
